Using pre-set license
Built from '2020.3/staging' branch; Version is '2020.3.11f1 (99c7afb366b3) revision 10078127'; Using compiler version '192528614'; Build Type 'Release'
OS: 'Windows 10 Pro; OS build 19041.985; Version 2004; 64bit' Language: 'en' Physical Memory: 16303 MB
BatchMode: 1, IsHumanControllingUs: 0, StartBugReporterOnCrash: 0, Is64bit: 1, IsPro: 0

 COMMAND LINE ARGUMENTS:
C:\Program Files\Unity\2020.3.11f1\Editor\Unity.exe
-adb2
-batchMode
-noUpm
-name
AssetImportWorker0
-projectPath
C:/Users/pjara/OneDrive/Documents/fafa-simulator
-logFile
Logs/AssetImportWorker0.log
-srvPort
57526
Successfully changed project path to: C:/Users/pjara/OneDrive/Documents/fafa-simulator
C:/Users/pjara/OneDrive/Documents/fafa-simulator
Using Asset Import Pipeline V2.
Refreshing native plugins compatible for Editor in 153.20 ms, found 2 plugins.
Preloading 0 native plugins for Editor in 0.00 ms.
Initialize engine version: 2020.3.11f1 (99c7afb366b3)
[Subsystems] Discovering subsystems at path C:/Program Files/Unity/2020.3.11f1/Editor/Data/Resources/UnitySubsystems
[Subsystems] Discovering subsystems at path C:/Users/pjara/OneDrive/Documents/fafa-simulator/Assets
GfxDevice: creating device client; threaded=0
Direct3D:
    Version:  Direct3D 11.0 [level 11.1]
    Renderer: NVIDIA GeForce GTX 1060 6GB (ID=0x1c03)
    Vendor:   
    VRAM:     6052 MB
    Driver:   27.21.14.6663
Initialize mono
Mono path[0] = 'C:/Program Files/Unity/2020.3.11f1/Editor/Data/Managed'
Mono path[1] = 'C:/Program Files/Unity/2020.3.11f1/Editor/Data/MonoBleedingEdge/lib/mono/unityjit'
Mono config path = 'C:/Program Files/Unity/2020.3.11f1/Editor/Data/MonoBleedingEdge/etc'
Using monoOptions --debugger-agent=transport=dt_socket,embedding=1,server=y,suspend=n,address=127.0.0.1:56776
Begin MonoManager ReloadAssembly
Registering precompiled unity dll's ...
Register platform support module: C:/Program Files/Unity/2020.3.11f1/Editor/Data/PlaybackEngines/WindowsStandaloneSupport/UnityEditor.WindowsStandalone.Extensions.dll
Registered in 0.002197 seconds.
Native extension for WindowsStandalone target not found
Refreshing native plugins compatible for Editor in 92.10 ms, found 2 plugins.
Preloading 0 native plugins for Editor in 0.00 ms.
Mono: successfully reloaded assembly
- Completed reload, in  1.432 seconds
Platform modules already initialized, skipping
Registering precompiled user dll's ...
Registered in 0.008728 seconds.
Begin MonoManager ReloadAssembly
Native extension for WindowsStandalone target not found
Refreshing native plugins compatible for Editor in 0.80 ms, found 2 plugins.
Preloading 0 native plugins for Editor in 0.00 ms.
Mono: successfully reloaded assembly
- Completed reload, in  1.589 seconds
Platform modules already initialized, skipping
========================================================================
Worker process is ready to serve import requests
Launched and connected shader compiler UnityShaderCompiler.exe after 0.07 seconds
Refreshing native plugins compatible for Editor in 0.63 ms, found 2 plugins.
Preloading 0 native plugins for Editor in 0.00 ms.
Unloading 1940 Unused Serialized files (Serialized files now loaded: 0)
System memory in use before: 81.8 MB.
System memory in use after: 81.8 MB.

Unloading 58 unused Assets to reduce memory usage. Loaded Objects now: 2346.
Total: 6.621500 ms (FindLiveObjects: 0.186400 ms CreateObjectMapping: 0.079800 ms MarkObjects: 6.260600 ms  DeleteObjects: 0.093100 ms)

========================================================================
Received Import Request.
  path: Assets/Scenes/MainScene.unity
  artifactKey: Guid(9fc0d4010bbf28b4594072e72b8655ab) Importer(815301076,1909f56bfc062723c751e8b465ee728b)
Start importing Assets/Scenes/MainScene.unity using Guid(9fc0d4010bbf28b4594072e72b8655ab) Importer(815301076,1909f56bfc062723c751e8b465ee728b)  -> (artifact id: 'ee42fd9a0ab9d4f53c3288c28b328e1a') in 0.021395 seconds
  Import took 0.026227 seconds .

========================================================================
Received Import Request.
  Time since last request: 32.567340 seconds.
  path: Assets/Scenes/MatchScene.unity
  artifactKey: Guid(468ed8f0d0067be36abc8f9b4d0282b4) Importer(815301076,1909f56bfc062723c751e8b465ee728b)
Start importing Assets/Scenes/MatchScene.unity using Guid(468ed8f0d0067be36abc8f9b4d0282b4) Importer(815301076,1909f56bfc062723c751e8b465ee728b)  -> (artifact id: 'e391533f68ef0bc8f25e0cdfd055e7b8') in 0.010248 seconds
  Import took 0.014542 seconds .

========================================================================
Received Import Request.
  Time since last request: 82.134248 seconds.
  path: Assets/Scripts/Match/Match.cs
  artifactKey: Guid(6abdb4f97bf9493f2ba04755adeadeeb) Importer(815301076,1909f56bfc062723c751e8b465ee728b)
Start importing Assets/Scripts/Match/Match.cs using Guid(6abdb4f97bf9493f2ba04755adeadeeb) Importer(815301076,1909f56bfc062723c751e8b465ee728b)  -> (artifact id: '1a426fd0dfef1313bc955ed7091a1262') in 0.054569 seconds
  Import took 0.058177 seconds .

========================================================================
Received Import Request.
  Time since last request: 1.377465 seconds.
  path: Assets/Scripts/Match/MatchController.cs
  artifactKey: Guid(e512ec1cdcab5dd4d99c09029e8434f3) Importer(815301076,1909f56bfc062723c751e8b465ee728b)
Start importing Assets/Scripts/Match/MatchController.cs using Guid(e512ec1cdcab5dd4d99c09029e8434f3) Importer(815301076,1909f56bfc062723c751e8b465ee728b)  -> (artifact id: '3542d9846a5fa5b4003813d218866df8') in 0.009921 seconds
  Import took 0.016237 seconds .

========================================================================
Received Import Request.
  Time since last request: 0.950045 seconds.
  path: Assets/Scripts/Match/Event.cs
  artifactKey: Guid(c41c5233934ef29ddaa5a001bc0d6d00) Importer(815301076,1909f56bfc062723c751e8b465ee728b)
Start importing Assets/Scripts/Match/Event.cs using Guid(c41c5233934ef29ddaa5a001bc0d6d00) Importer(815301076,1909f56bfc062723c751e8b465ee728b)  -> (artifact id: '8c233d6d406875b8f11ca54b5f823bd0') in 0.010292 seconds
  Import took 0.014875 seconds .

========================================================================
Received Import Request.
  Time since last request: 3.805641 seconds.
  path: Assets/Scripts/Club/Club.cs
  artifactKey: Guid(f601ebd0f380a74e7a266ebc0d5f9717) Importer(815301076,1909f56bfc062723c751e8b465ee728b)
Start importing Assets/Scripts/Club/Club.cs using Guid(f601ebd0f380a74e7a266ebc0d5f9717) Importer(815301076,1909f56bfc062723c751e8b465ee728b)  -> (artifact id: '420d951f2704940623e21f40045ba4f1') in 0.014706 seconds
  Import took 0.017964 seconds .

========================================================================
Received Import Request.
  Time since last request: 3.086732 seconds.
  path: Assets/Scripts/Club/FootballPlayer.cs
  artifactKey: Guid(84230da3eb4e42e5f9d512d2d7267252) Importer(815301076,1909f56bfc062723c751e8b465ee728b)
Start importing Assets/Scripts/Club/FootballPlayer.cs using Guid(84230da3eb4e42e5f9d512d2d7267252) Importer(815301076,1909f56bfc062723c751e8b465ee728b)  -> (artifact id: '8f8b917d42f2fb113d07be94b23147ea') in 0.012140 seconds
  Import took 0.015320 seconds .

========================================================================
Received Import Request.
  Time since last request: 0.411575 seconds.
  path: Assets/Scripts/Club/FootballPlayerCard.cs
  artifactKey: Guid(5da5f38fe8fbcf44189996260c84d954) Importer(815301076,1909f56bfc062723c751e8b465ee728b)
Start importing Assets/Scripts/Club/FootballPlayerCard.cs using Guid(5da5f38fe8fbcf44189996260c84d954) Importer(815301076,1909f56bfc062723c751e8b465ee728b)  -> (artifact id: '87677b00b2489590075ab1ce6fe1362a') in 0.010159 seconds
  Import took 0.013161 seconds .

========================================================================
Received Import Request.
  Time since last request: 0.373189 seconds.
  path: Assets/Scripts/Club/Stadium.cs
  artifactKey: Guid(5dd5ec818714941278cf06cd73be8b1a) Importer(815301076,1909f56bfc062723c751e8b465ee728b)
Start importing Assets/Scripts/Club/Stadium.cs using Guid(5dd5ec818714941278cf06cd73be8b1a) Importer(815301076,1909f56bfc062723c751e8b465ee728b)  -> (artifact id: '0b6a6ece7e864c7fa341fc3f43b8a869') in 0.009345 seconds
  Import took 0.014218 seconds .

========================================================================
Received Import Request.
  Time since last request: 17.789752 seconds.
  path: Assets/Scripts/GameMaster/GameMaster.cs
  artifactKey: Guid(340ea028181ab8060af502f922439df4) Importer(815301076,1909f56bfc062723c751e8b465ee728b)
Start importing Assets/Scripts/GameMaster/GameMaster.cs using Guid(340ea028181ab8060af502f922439df4) Importer(815301076,1909f56bfc062723c751e8b465ee728b)  -> (artifact id: '623177dd31405aeed6c06d7c29eb6b99') in 0.014312 seconds
  Import took 0.017409 seconds .

========================================================================
Received Prepare
Registering precompiled user dll's ...
Registered in 0.009588 seconds.
Begin MonoManager ReloadAssembly
Native extension for WindowsStandalone target not found
Refreshing native plugins compatible for Editor in 0.61 ms, found 2 plugins.
Preloading 0 native plugins for Editor in 0.00 ms.
Mono: successfully reloaded assembly
- Completed reload, in  1.215 seconds
Platform modules already initialized, skipping
Refreshing native plugins compatible for Editor in 0.90 ms, found 2 plugins.
Preloading 0 native plugins for Editor in 0.00 ms.
Unloading 1924 Unused Serialized files (Serialized files now loaded: 0)
System memory in use before: 80.7 MB.
System memory in use after: 80.8 MB.

Unloading 49 unused Assets to reduce memory usage. Loaded Objects now: 2349.
Total: 5.618800 ms (FindLiveObjects: 0.195000 ms CreateObjectMapping: 0.085400 ms MarkObjects: 5.277000 ms  DeleteObjects: 0.041800 ms)

========================================================================
Received Import Request.
  Time since last request: 44.390596 seconds.
  path: Assets/Scripts/Factories/ClubFactory.cs
  artifactKey: Guid(862eb305b8ec8a75f9c4371d9b9d8062) Importer(815301076,1909f56bfc062723c751e8b465ee728b)
Start importing Assets/Scripts/Factories/ClubFactory.cs using Guid(862eb305b8ec8a75f9c4371d9b9d8062) Importer(815301076,1909f56bfc062723c751e8b465ee728b)  -> (artifact id: '98cda73fd9d57822a4659f9303c53412') in 0.013177 seconds
  Import took 0.019227 seconds .

========================================================================
Received Import Request.
  Time since last request: 8.371180 seconds.
  path: Assets/Scripts/Factories/FootballPlayerFactory.cs
  artifactKey: Guid(38d6e6dd1accbcc348cab8f3ff368b9b) Importer(815301076,1909f56bfc062723c751e8b465ee728b)
Start importing Assets/Scripts/Factories/FootballPlayerFactory.cs using Guid(38d6e6dd1accbcc348cab8f3ff368b9b) Importer(815301076,1909f56bfc062723c751e8b465ee728b)  -> (artifact id: 'c157dddaf733bec2b0432edd61fd9e5b') in 0.015441 seconds
  Import took 0.018337 seconds .

========================================================================
Received Import Request.
  Time since last request: 5.814975 seconds.
  path: Assets/Scripts/Factories/NameGenerator.cs
  artifactKey: Guid(aff87cb3004cde3fb8000979968275be) Importer(815301076,1909f56bfc062723c751e8b465ee728b)
Start importing Assets/Scripts/Factories/NameGenerator.cs using Guid(aff87cb3004cde3fb8000979968275be) Importer(815301076,1909f56bfc062723c751e8b465ee728b)  -> (artifact id: '5893c9a0d7f260974171234d3f960362') in 0.015740 seconds
  Import took 0.018608 seconds .

========================================================================
Received Prepare
Registering precompiled user dll's ...
Registered in 0.011362 seconds.
Begin MonoManager ReloadAssembly
Native extension for WindowsStandalone target not found
Refreshing native plugins compatible for Editor in 0.86 ms, found 2 plugins.
Preloading 0 native plugins for Editor in 0.00 ms.
Mono: successfully reloaded assembly
- Completed reload, in  2.151 seconds
Platform modules already initialized, skipping
Refreshing native plugins compatible for Editor in 0.91 ms, found 2 plugins.
Preloading 0 native plugins for Editor in 0.00 ms.
Unloading 1924 Unused Serialized files (Serialized files now loaded: 0)
System memory in use before: 80.7 MB.
System memory in use after: 80.8 MB.

Unloading 49 unused Assets to reduce memory usage. Loaded Objects now: 2352.
Total: 10.249200 ms (FindLiveObjects: 0.327400 ms CreateObjectMapping: 0.128900 ms MarkObjects: 9.747700 ms  DeleteObjects: 0.043800 ms)

========================================================================
Received Import Request.
  Time since last request: 132.656838 seconds.
  path: Assets/Prefabs/EmptyCard.prefab
  artifactKey: Guid(9bc991fae03f6124f9081c83e43254f3) Importer(815301076,1909f56bfc062723c751e8b465ee728b)
Start importing Assets/Prefabs/EmptyCard.prefab using Guid(9bc991fae03f6124f9081c83e43254f3) Importer(815301076,1909f56bfc062723c751e8b465ee728b)  -> (artifact id: '86504c0c8154b53ef50e5bfaf94c3861') in 0.077410 seconds
  Import took 0.083498 seconds .

========================================================================
Received Import Request.
  Time since last request: 0.000059 seconds.
  path: Assets/Prefabs/PlayerCard.prefab
  artifactKey: Guid(2289cfc2bae28a54a83098cffd5fac4c) Importer(815301076,1909f56bfc062723c751e8b465ee728b)
Start importing Assets/Prefabs/PlayerCard.prefab using Guid(2289cfc2bae28a54a83098cffd5fac4c) Importer(815301076,1909f56bfc062723c751e8b465ee728b)  -> (artifact id: '21d7feb3abb66207ae09877f1faf4d8a') in 0.084972 seconds
  Import took 0.091231 seconds .

========================================================================
Received Import Request.
  Time since last request: 0.365455 seconds.
  path: Assets/Images/15623862572267928.jpeg
  artifactKey: Guid(e8bbe6c57db9c9d099494ad2bb5c9ec5) Importer(815301076,1909f56bfc062723c751e8b465ee728b)
Start importing Assets/Images/15623862572267928.jpeg using Guid(e8bbe6c57db9c9d099494ad2bb5c9ec5) Importer(815301076,1909f56bfc062723c751e8b465ee728b)  -> (artifact id: '0c5660b72c8cdf60e60557f125d92a2d') in 0.169901 seconds
  Import took 0.176608 seconds .

========================================================================
Received Import Request.
  Time since last request: 0.000201 seconds.
  path: Assets/Images/output-onlinepngtools.png
  artifactKey: Guid(b3bc8e82c56b06ea6ace28678d7f5a12) Importer(815301076,1909f56bfc062723c751e8b465ee728b)
Start importing Assets/Images/output-onlinepngtools.png using Guid(b3bc8e82c56b06ea6ace28678d7f5a12) Importer(815301076,1909f56bfc062723c751e8b465ee728b)  -> (artifact id: '1a003b14e8c18bcd8868f83d60088615') in 0.049932 seconds
  Import took 0.056126 seconds .

========================================================================
Received Import Request.
  Time since last request: 0.000209 seconds.
  path: Assets/Images/output-onlinepngtools (1).png
  artifactKey: Guid(d41cd2dbcbbaa57eaab0343ade5334a7) Importer(815301076,1909f56bfc062723c751e8b465ee728b)
Start importing Assets/Images/output-onlinepngtools (1).png using Guid(d41cd2dbcbbaa57eaab0343ade5334a7) Importer(815301076,1909f56bfc062723c751e8b465ee728b)  -> (artifact id: 'c85b5580ee8fe9c063537f065cec2072') in 0.049327 seconds
  Import took 0.055563 seconds .

========================================================================
Received Prepare
Registering precompiled user dll's ...
Registered in 0.009278 seconds.
Begin MonoManager ReloadAssembly
Native extension for WindowsStandalone target not found
Refreshing native plugins compatible for Editor in 0.71 ms, found 2 plugins.
Preloading 0 native plugins for Editor in 0.00 ms.
Mono: successfully reloaded assembly
- Completed reload, in  2.180 seconds
Platform modules already initialized, skipping
Refreshing native plugins compatible for Editor in 2.06 ms, found 2 plugins.
Preloading 0 native plugins for Editor in 0.00 ms.
Unloading 1924 Unused Serialized files (Serialized files now loaded: 0)
System memory in use before: 80.9 MB.
System memory in use after: 81.0 MB.

Unloading 49 unused Assets to reduce memory usage. Loaded Objects now: 2357.
Total: 10.000700 ms (FindLiveObjects: 0.398000 ms CreateObjectMapping: 0.126300 ms MarkObjects: 9.430100 ms  DeleteObjects: 0.044800 ms)

========================================================================
Received Import Request.
  Time since last request: 489.043750 seconds.
  path: Assets/Images/Backgrounds
  artifactKey: Guid(0af6e8eefbd5f5cde96bbcdf512130c5) Importer(815301076,1909f56bfc062723c751e8b465ee728b)
Start importing Assets/Images/Backgrounds using Guid(0af6e8eefbd5f5cde96bbcdf512130c5) Importer(815301076,1909f56bfc062723c751e8b465ee728b)  -> (artifact id: 'fe47da71bb121281040e6f4dbff9319e') in 0.019115 seconds
  Import took 0.022819 seconds .

========================================================================
Received Import Request.
  Time since last request: 0.411683 seconds.
  path: Assets/Images/FootballPlayerSprites
  artifactKey: Guid(955c5e7c96e35f740b497482f92a4cd8) Importer(815301076,1909f56bfc062723c751e8b465ee728b)
Start importing Assets/Images/FootballPlayerSprites using Guid(955c5e7c96e35f740b497482f92a4cd8) Importer(815301076,1909f56bfc062723c751e8b465ee728b)  -> (artifact id: '23724b510e4df0d2461057fdd46d50c8') in 0.013505 seconds
  Import took 0.016846 seconds .

========================================================================
Received Import Request.
  Time since last request: 0.841836 seconds.
  path: Assets/Images/FootballPlayerSprites/empty.png
  artifactKey: Guid(c76013bcd9122fc48b2f4979cc4d613c) Importer(815301076,1909f56bfc062723c751e8b465ee728b)
Start importing Assets/Images/FootballPlayerSprites/empty.png using Guid(c76013bcd9122fc48b2f4979cc4d613c) Importer(815301076,1909f56bfc062723c751e8b465ee728b)  -> (artifact id: '6d65bceb871185f7a3a71904c8c61b2f') in 0.088373 seconds
  Import took 0.091943 seconds .

========================================================================
Received Import Request.
  Time since last request: 0.000266 seconds.
  path: Assets/Images/FootballPlayerSprites/example1.png
  artifactKey: Guid(146bf29caca7900458201bf9f94eb50b) Importer(815301076,1909f56bfc062723c751e8b465ee728b)
Start importing Assets/Images/FootballPlayerSprites/example1.png using Guid(146bf29caca7900458201bf9f94eb50b) Importer(815301076,1909f56bfc062723c751e8b465ee728b)  -> (artifact id: 'a0c497d274509bc35468919105bcccb1') in 0.027575 seconds
  Import took 0.030573 seconds .

========================================================================
Received Import Request.
  Time since last request: 0.000105 seconds.
  path: Assets/Images/FootballPlayerSprites/New Project (1).png
  artifactKey: Guid(e2b50d998317cf028a55a689f976a81a) Importer(815301076,1909f56bfc062723c751e8b465ee728b)
Start importing Assets/Images/FootballPlayerSprites/New Project (1).png using Guid(e2b50d998317cf028a55a689f976a81a) Importer(815301076,1909f56bfc062723c751e8b465ee728b)  -> (artifact id: 'f7460161f961ae6c1abc811a34b89c6a') in 0.043086 seconds
  Import took 0.046246 seconds .

========================================================================
Received Import Request.
  Time since last request: 0.000251 seconds.
  path: Assets/Images/FootballPlayerSprites/New Project (2).png
  artifactKey: Guid(ba1589ab1728e2979a95523bd4661614) Importer(815301076,1909f56bfc062723c751e8b465ee728b)
Start importing Assets/Images/FootballPlayerSprites/New Project (2).png using Guid(ba1589ab1728e2979a95523bd4661614) Importer(815301076,1909f56bfc062723c751e8b465ee728b)  -> (artifact id: '098365505c837abbf34408291b6afb60') in 0.032949 seconds
  Import took 0.036526 seconds .

========================================================================
Received Import Request.
  Time since last request: 138.358645 seconds.
  path: Assets/Resources/BillingMode.json
  artifactKey: Guid(bf67808f6877dec42acae078db1261ac) Importer(815301076,1909f56bfc062723c751e8b465ee728b)
Start importing Assets/Resources/BillingMode.json using Guid(bf67808f6877dec42acae078db1261ac) Importer(815301076,1909f56bfc062723c751e8b465ee728b)  -> (artifact id: '22d8e3633c989f88de7ff469dbef8d82') in 0.015907 seconds
  Import took 0.020273 seconds .

========================================================================
Received Import Request.
  Time since last request: 9.147304 seconds.
  path: Assets/Scripts/UI/DragHandler.cs
  artifactKey: Guid(b523d6f929d33b34cba4b358cc8fa867) Importer(815301076,1909f56bfc062723c751e8b465ee728b)
Start importing Assets/Scripts/UI/DragHandler.cs using Guid(b523d6f929d33b34cba4b358cc8fa867) Importer(815301076,1909f56bfc062723c751e8b465ee728b)  -> (artifact id: '255954d6e1944f64a16e52dfe9b12f52') in 0.014038 seconds
  Import took 0.017430 seconds .

========================================================================
Received Import Request.
  Time since last request: 5.537958 seconds.
  path: Assets/Scripts/UI/DragSlot.cs
  artifactKey: Guid(ec452a8b1eea8a74d9cb4113f53ed45a) Importer(815301076,1909f56bfc062723c751e8b465ee728b)
Start importing Assets/Scripts/UI/DragSlot.cs using Guid(ec452a8b1eea8a74d9cb4113f53ed45a) Importer(815301076,1909f56bfc062723c751e8b465ee728b)  -> (artifact id: '9bdc7786489e9ef0c79b5ec1b22d3b6a') in 0.016343 seconds
  Import took 0.019502 seconds .

========================================================================
Received Import Request.
  Time since last request: 2.110975 seconds.
  path: Assets/Scripts/UI/UIupdater.cs
  artifactKey: Guid(1e2441c412c8dfbcd815062e1e0ccdc9) Importer(815301076,1909f56bfc062723c751e8b465ee728b)
Start importing Assets/Scripts/UI/UIupdater.cs using Guid(1e2441c412c8dfbcd815062e1e0ccdc9) Importer(815301076,1909f56bfc062723c751e8b465ee728b)  -> (artifact id: '9ed8ffe32953ebaa880f41ea2b875c65') in 0.018985 seconds
  Import took 0.022284 seconds .

========================================================================
Received Import Request.
  Time since last request: 316.612830 seconds.
  path: Assets/Scripts/Player/Player.cs
  artifactKey: Guid(4369bf8e7fda2738b860a6d0e6b10a49) Importer(815301076,1909f56bfc062723c751e8b465ee728b)
Start importing Assets/Scripts/Player/Player.cs using Guid(4369bf8e7fda2738b860a6d0e6b10a49) Importer(815301076,1909f56bfc062723c751e8b465ee728b)  -> (artifact id: 'deb5027b401d446eaa665add09008135') in 0.015732 seconds
  Import took 0.020503 seconds .

========================================================================
Received Prepare
Registering precompiled user dll's ...
Registered in 0.008226 seconds.
Begin MonoManager ReloadAssembly
Native extension for WindowsStandalone target not found
Refreshing native plugins compatible for Editor in 1.14 ms, found 2 plugins.
Preloading 0 native plugins for Editor in 0.00 ms.
Mono: successfully reloaded assembly
- Completed reload, in  1.414 seconds
Platform modules already initialized, skipping
Refreshing native plugins compatible for Editor in 0.71 ms, found 2 plugins.
Preloading 0 native plugins for Editor in 0.00 ms.
Unloading 1924 Unused Serialized files (Serialized files now loaded: 0)
System memory in use before: 83.8 MB.
System memory in use after: 84.0 MB.

Unloading 49 unused Assets to reduce memory usage. Loaded Objects now: 2367.
Total: 5.869900 ms (FindLiveObjects: 0.188400 ms CreateObjectMapping: 0.069800 ms MarkObjects: 5.578700 ms  DeleteObjects: 0.031600 ms)

========================================================================
Received Prepare
Registering precompiled user dll's ...
Registered in 0.019925 seconds.
Begin MonoManager ReloadAssembly
Native extension for WindowsStandalone target not found
Refreshing native plugins compatible for Editor in 3.55 ms, found 2 plugins.
Preloading 0 native plugins for Editor in 0.00 ms.
Mono: successfully reloaded assembly
- Completed reload, in  2.299 seconds
Platform modules already initialized, skipping
Refreshing native plugins compatible for Editor in 1.24 ms, found 2 plugins.
Preloading 0 native plugins for Editor in 0.00 ms.
Unloading 1924 Unused Serialized files (Serialized files now loaded: 0)
System memory in use before: 83.9 MB.
System memory in use after: 84.0 MB.

Unloading 49 unused Assets to reduce memory usage. Loaded Objects now: 2370.
Total: 9.728300 ms (FindLiveObjects: 0.748600 ms CreateObjectMapping: 0.117600 ms MarkObjects: 8.813500 ms  DeleteObjects: 0.046800 ms)

========================================================================
Received Prepare
Registering precompiled user dll's ...
Registered in 0.018080 seconds.
Begin MonoManager ReloadAssembly
Native extension for WindowsStandalone target not found
Refreshing native plugins compatible for Editor in 2.06 ms, found 2 plugins.
Preloading 0 native plugins for Editor in 0.00 ms.
Mono: successfully reloaded assembly
- Completed reload, in  2.256 seconds
Platform modules already initialized, skipping
Refreshing native plugins compatible for Editor in 0.79 ms, found 2 plugins.
Preloading 0 native plugins for Editor in 0.00 ms.
Unloading 1924 Unused Serialized files (Serialized files now loaded: 0)
System memory in use before: 83.9 MB.
System memory in use after: 84.0 MB.

Unloading 49 unused Assets to reduce memory usage. Loaded Objects now: 2373.
Total: 7.469000 ms (FindLiveObjects: 0.194900 ms CreateObjectMapping: 0.079600 ms MarkObjects: 7.153500 ms  DeleteObjects: 0.039200 ms)

========================================================================
Received Import Request.
  Time since last request: 433.174196 seconds.
  path: Assets/Images/FootballPlayerSprites/PlayerStar.png
  artifactKey: Guid(e2b50d998317cf028a55a689f976a81a) Importer(815301076,1909f56bfc062723c751e8b465ee728b)
Start importing Assets/Images/FootballPlayerSprites/PlayerStar.png using Guid(e2b50d998317cf028a55a689f976a81a) Importer(815301076,1909f56bfc062723c751e8b465ee728b)  -> (artifact id: '24d16e701dd06d3f979d491504f20418') in 0.065957 seconds
  Import took 0.069398 seconds .

========================================================================
Received Import Request.
  Time since last request: 11.538252 seconds.
  path: Assets/Images/FootballPlayerSprites/EmptyStar.png
  artifactKey: Guid(ba1589ab1728e2979a95523bd4661614) Importer(815301076,1909f56bfc062723c751e8b465ee728b)
Start importing Assets/Images/FootballPlayerSprites/EmptyStar.png using Guid(ba1589ab1728e2979a95523bd4661614) Importer(815301076,1909f56bfc062723c751e8b465ee728b)  -> (artifact id: '73d6071fda99ab78e788fb286ca4e1e6') in 0.031683 seconds
  Import took 0.035084 seconds .

========================================================================
Received Prepare
Registering precompiled user dll's ...
Registered in 0.008663 seconds.
Begin MonoManager ReloadAssembly
Native extension for WindowsStandalone target not found
Refreshing native plugins compatible for Editor in 1.15 ms, found 2 plugins.
Preloading 0 native plugins for Editor in 0.00 ms.
Mono: successfully reloaded assembly
- Completed reload, in  1.287 seconds
Platform modules already initialized, skipping
Refreshing native plugins compatible for Editor in 0.79 ms, found 2 plugins.
Preloading 0 native plugins for Editor in 0.00 ms.
Unloading 1924 Unused Serialized files (Serialized files now loaded: 0)
System memory in use before: 83.9 MB.
System memory in use after: 84.0 MB.

Unloading 49 unused Assets to reduce memory usage. Loaded Objects now: 2377.
Total: 22.402000 ms (FindLiveObjects: 0.190700 ms CreateObjectMapping: 0.078000 ms MarkObjects: 22.064500 ms  DeleteObjects: 0.066400 ms)

========================================================================
Received Prepare
Registering precompiled user dll's ...
Registered in 0.010683 seconds.
Begin MonoManager ReloadAssembly
Native extension for WindowsStandalone target not found
Refreshing native plugins compatible for Editor in 0.65 ms, found 2 plugins.
Preloading 0 native plugins for Editor in 0.00 ms.
Mono: successfully reloaded assembly
- Completed reload, in  1.287 seconds
Platform modules already initialized, skipping
Refreshing native plugins compatible for Editor in 0.98 ms, found 2 plugins.
Preloading 0 native plugins for Editor in 0.00 ms.
Unloading 1924 Unused Serialized files (Serialized files now loaded: 0)
System memory in use before: 83.9 MB.
System memory in use after: 84.0 MB.

Unloading 49 unused Assets to reduce memory usage. Loaded Objects now: 2380.
Total: 8.355400 ms (FindLiveObjects: 0.201200 ms CreateObjectMapping: 0.072200 ms MarkObjects: 8.034100 ms  DeleteObjects: 0.046600 ms)

========================================================================
Received Prepare
Registering precompiled user dll's ...
Registered in 0.007772 seconds.
Begin MonoManager ReloadAssembly
Native extension for WindowsStandalone target not found
Refreshing native plugins compatible for Editor in 0.70 ms, found 2 plugins.
Preloading 0 native plugins for Editor in 0.00 ms.
Mono: successfully reloaded assembly
- Completed reload, in  1.262 seconds
Platform modules already initialized, skipping
Refreshing native plugins compatible for Editor in 1.66 ms, found 2 plugins.
Preloading 0 native plugins for Editor in 0.00 ms.
Unloading 1924 Unused Serialized files (Serialized files now loaded: 0)
System memory in use before: 83.9 MB.
System memory in use after: 84.0 MB.

Unloading 49 unused Assets to reduce memory usage. Loaded Objects now: 2383.
Total: 7.489200 ms (FindLiveObjects: 0.410100 ms CreateObjectMapping: 0.190700 ms MarkObjects: 6.803600 ms  DeleteObjects: 0.083400 ms)

========================================================================
Received Prepare
Registering precompiled user dll's ...
Registered in 0.009129 seconds.
Begin MonoManager ReloadAssembly
Native extension for WindowsStandalone target not found
Refreshing native plugins compatible for Editor in 0.91 ms, found 2 plugins.
Preloading 0 native plugins for Editor in 0.00 ms.
Mono: successfully reloaded assembly
- Completed reload, in  1.385 seconds
Platform modules already initialized, skipping
Refreshing native plugins compatible for Editor in 0.80 ms, found 2 plugins.
Preloading 0 native plugins for Editor in 0.00 ms.
Unloading 1924 Unused Serialized files (Serialized files now loaded: 0)
System memory in use before: 83.9 MB.
System memory in use after: 84.0 MB.

Unloading 49 unused Assets to reduce memory usage. Loaded Objects now: 2386.
Total: 5.603900 ms (FindLiveObjects: 0.187500 ms CreateObjectMapping: 0.076500 ms MarkObjects: 5.304700 ms  DeleteObjects: 0.033600 ms)

========================================================================
Received Prepare
Registering precompiled user dll's ...
Registered in 0.009766 seconds.
Begin MonoManager ReloadAssembly
Native extension for WindowsStandalone target not found
Refreshing native plugins compatible for Editor in 0.70 ms, found 2 plugins.
Preloading 0 native plugins for Editor in 0.00 ms.
Mono: successfully reloaded assembly
- Completed reload, in  1.285 seconds
Platform modules already initialized, skipping
Refreshing native plugins compatible for Editor in 0.67 ms, found 2 plugins.
Preloading 0 native plugins for Editor in 0.00 ms.
Unloading 1924 Unused Serialized files (Serialized files now loaded: 0)
System memory in use before: 83.9 MB.
System memory in use after: 84.0 MB.

Unloading 49 unused Assets to reduce memory usage. Loaded Objects now: 2389.
Total: 5.620200 ms (FindLiveObjects: 0.271700 ms CreateObjectMapping: 0.108800 ms MarkObjects: 5.202100 ms  DeleteObjects: 0.035900 ms)

